2024-07-19 22:32:05,997 INFO    StreamThr :27108 [internal.py:wandb_internal():86] W&B internal server running at pid: 27108, started at: 2024-07-19 22:32:05.997880
2024-07-19 22:32:05,997 DEBUG   HandlerThread:27108 [handler.py:handle_request():146] handle_request: status
2024-07-19 22:32:05,997 INFO    WriterThread:27108 [datastore.py:open_for_write():87] open: H:\dachang\ViTST-main\code\FD001_train\wandb\run-20240719_223205-kvvgc9ec\run-kvvgc9ec.wandb
2024-07-19 22:32:06,013 DEBUG   SenderThread:27108 [sender.py:send():379] send: header
2024-07-19 22:32:06,013 DEBUG   SenderThread:27108 [sender.py:send():379] send: run
2024-07-19 22:32:10,345 INFO    SenderThread:27108 [retry.py:__call__():172] Retry attempt failed:
urllib3.exceptions.SSLError: TLS/SSL connection has been closed (EOF) (_ssl.c:1131)

The above exception was the direct cause of the following exception:

urllib3.exceptions.ProxyError: ('Unable to connect to proxy', SSLError(SSLZeroReturnError(6, 'TLS/SSL connection has been closed (EOF) (_ssl.c:1131)')))

The above exception was the direct cause of the following exception:

Traceback (most recent call last):
  File "D:\Anaconda3\envs\pytorch-gpu\lib\site-packages\requests\adapters.py", line 589, in send
    resp = conn.urlopen(
  File "D:\Anaconda3\envs\pytorch-gpu\lib\site-packages\urllib3\connectionpool.py", line 847, in urlopen
    retries = retries.increment(
  File "D:\Anaconda3\envs\pytorch-gpu\lib\site-packages\urllib3\util\retry.py", line 515, in increment
    raise MaxRetryError(_pool, url, reason) from reason  # type: ignore[arg-type]
urllib3.exceptions.MaxRetryError: HTTPSConnectionPool(host='api.wandb.ai', port=443): Max retries exceeded with url: /graphql (Caused by ProxyError('Unable to connect to proxy', SSLError(SSLZeroReturnError(6, 'TLS/SSL connection has been closed (EOF) (_ssl.c:1131)'))))

During handling of the above exception, another exception occurred:

Traceback (most recent call last):
  File "D:\Anaconda3\envs\pytorch-gpu\lib\site-packages\wandb\sdk\lib\retry.py", line 131, in __call__
    result = self._call_fn(*args, **kwargs)
  File "D:\Anaconda3\envs\pytorch-gpu\lib\site-packages\wandb\sdk\internal\internal_api.py", line 369, in execute
    return self.client.execute(*args, **kwargs)  # type: ignore
  File "D:\Anaconda3\envs\pytorch-gpu\lib\site-packages\wandb\vendor\gql-0.2.0\wandb_gql\client.py", line 52, in execute
    result = self._get_result(document, *args, **kwargs)
  File "D:\Anaconda3\envs\pytorch-gpu\lib\site-packages\wandb\vendor\gql-0.2.0\wandb_gql\client.py", line 60, in _get_result
    return self.transport.execute(document, *args, **kwargs)
  File "D:\Anaconda3\envs\pytorch-gpu\lib\site-packages\wandb\sdk\lib\gql_request.py", line 58, in execute
    request = self.session.post(self.url, **post_args)
  File "D:\Anaconda3\envs\pytorch-gpu\lib\site-packages\requests\sessions.py", line 637, in post
    return self.request("POST", url, data=data, json=json, **kwargs)
  File "D:\Anaconda3\envs\pytorch-gpu\lib\site-packages\requests\sessions.py", line 589, in request
    resp = self.send(prep, **send_kwargs)
  File "D:\Anaconda3\envs\pytorch-gpu\lib\site-packages\requests\sessions.py", line 703, in send
    r = adapter.send(request, **kwargs)
  File "D:\Anaconda3\envs\pytorch-gpu\lib\site-packages\requests\adapters.py", line 616, in send
    raise ProxyError(e, request=request)
requests.exceptions.ProxyError: HTTPSConnectionPool(host='api.wandb.ai', port=443): Max retries exceeded with url: /graphql (Caused by ProxyError('Unable to connect to proxy', SSLError(SSLZeroReturnError(6, 'TLS/SSL connection has been closed (EOF) (_ssl.c:1131)'))))
2024-07-19 22:32:11,037 DEBUG   HandlerThread:27108 [handler.py:handle_request():146] handle_request: keepalive
2024-07-19 22:32:16,059 DEBUG   HandlerThread:27108 [handler.py:handle_request():146] handle_request: keepalive
2024-07-19 22:32:21,108 DEBUG   HandlerThread:27108 [handler.py:handle_request():146] handle_request: keepalive
2024-07-19 22:32:26,153 DEBUG   HandlerThread:27108 [handler.py:handle_request():146] handle_request: keepalive
2024-07-19 22:32:31,197 DEBUG   HandlerThread:27108 [handler.py:handle_request():146] handle_request: keepalive
2024-07-19 22:32:36,220 DEBUG   HandlerThread:27108 [handler.py:handle_request():146] handle_request: keepalive
2024-07-19 22:32:41,419 DEBUG   HandlerThread:27108 [handler.py:handle_request():146] handle_request: keepalive
2024-07-19 22:32:46,441 DEBUG   HandlerThread:27108 [handler.py:handle_request():146] handle_request: keepalive
2024-07-19 22:32:51,484 DEBUG   HandlerThread:27108 [handler.py:handle_request():146] handle_request: keepalive
2024-07-19 22:32:56,534 DEBUG   HandlerThread:27108 [handler.py:handle_request():146] handle_request: keepalive
2024-07-19 22:33:01,571 DEBUG   HandlerThread:27108 [handler.py:handle_request():146] handle_request: keepalive
2024-07-19 22:33:06,612 DEBUG   HandlerThread:27108 [handler.py:handle_request():146] handle_request: keepalive
2024-07-19 22:33:11,650 DEBUG   HandlerThread:27108 [handler.py:handle_request():146] handle_request: keepalive
2024-07-19 22:33:16,695 DEBUG   HandlerThread:27108 [handler.py:handle_request():146] handle_request: keepalive
2024-07-19 22:33:19,357 INFO    SenderThread:27108 [dir_watcher.py:__init__():211] watching files in: H:\dachang\ViTST-main\code\FD001_train\wandb\run-20240719_223205-kvvgc9ec\files
2024-07-19 22:33:19,357 INFO    SenderThread:27108 [sender.py:_start_run_threads():1124] run started: kvvgc9ec with start time 1721399525.99788
2024-07-19 22:33:19,357 DEBUG   HandlerThread:27108 [handler.py:handle_request():146] handle_request: status_report
2024-07-19 22:33:19,364 DEBUG   HandlerThread:27108 [handler.py:handle_request():146] handle_request: check_version
2024-07-19 22:33:19,364 DEBUG   SenderThread:27108 [sender.py:send_request():406] send_request: check_version
2024-07-19 22:33:19,626 DEBUG   HandlerThread:27108 [handler.py:handle_request():146] handle_request: run_start
2024-07-19 22:33:19,668 DEBUG   HandlerThread:27108 [system_info.py:__init__():26] System info init
2024-07-19 22:33:19,668 DEBUG   HandlerThread:27108 [system_info.py:__init__():41] System info init done
2024-07-19 22:33:19,668 INFO    HandlerThread:27108 [system_monitor.py:start():194] Starting system monitor
2024-07-19 22:33:19,672 INFO    SystemMonitor:27108 [system_monitor.py:_start():158] Starting system asset monitoring threads
2024-07-19 22:33:19,672 INFO    HandlerThread:27108 [system_monitor.py:probe():214] Collecting system info
2024-07-19 22:33:19,672 INFO    SystemMonitor:27108 [interfaces.py:start():190] Started cpu monitoring
2024-07-19 22:33:19,672 INFO    SystemMonitor:27108 [interfaces.py:start():190] Started disk monitoring
2024-07-19 22:33:19,672 INFO    SystemMonitor:27108 [interfaces.py:start():190] Started gpu monitoring
2024-07-19 22:33:19,672 INFO    SystemMonitor:27108 [interfaces.py:start():190] Started memory monitoring
2024-07-19 22:33:19,701 INFO    SystemMonitor:27108 [interfaces.py:start():190] Started network monitoring
2024-07-19 22:33:19,705 DEBUG   HandlerThread:27108 [system_info.py:probe():150] Probing system
2024-07-19 22:33:19,706 DEBUG   HandlerThread:27108 [gitlib.py:_init_repo():56] git repository is invalid
2024-07-19 22:33:19,706 DEBUG   HandlerThread:27108 [system_info.py:probe():198] Probing system done
2024-07-19 22:33:19,706 DEBUG   HandlerThread:27108 [system_monitor.py:probe():223] {'os': 'Windows-10-10.0.22631-SP0', 'python': '3.8.18', 'heartbeatAt': '2024-07-19T14:33:19.706384', 'startedAt': '2024-07-19T14:32:05.695703', 'docker': None, 'cuda': None, 'args': ('--image_model', 'swin', '--text_model', 'roberta', '--freeze_vision_model', 'False', '--freeze_text_model', 'False', '--dataset', 'FD001', '--dataset_prefix=FD001_order_differ_interpolation_-x1_xx2_4x6_256x384_', '--seed', '10', '--save_total_limit', '1', '--train_batch_size', '24', '--eval_batch_size', '64', '--logging_steps', '20', '--save_steps', '100', '--epochs', '20', '--learning_rate', '2e-5', '--n_runs', '1', '--n_splits', '5', '--do_train'), 'state': 'running', 'program': 'H:\\dachang\\ViTST-main\\code\\FD001_train\\run_VisionTextCLS.py', 'codePathLocal': 'run_VisionTextCLS.py', 'codePath': 'run_VisionTextCLS.py', 'host': 'LAPTOP-2RR8QHD0', 'username': 'HP', 'executable': 'D:\\Anaconda3\\envs\\pytorch-gpu\\python.exe', 'cpu_count': 14, 'cpu_count_logical': 20, 'cpu_freq': {'current': 2300.0, 'min': 0.0, 'max': 2300.0}, 'cpu_freq_per_core': [{'current': 2300.0, 'min': 0.0, 'max': 2300.0}], 'disk': {'/': {'total': 232.91183471679688, 'used': 133.70437622070312}}, 'gpu': 'NVIDIA GeForce RTX 3050 Laptop GPU', 'gpu_count': 1, 'gpu_devices': [{'name': 'NVIDIA GeForce RTX 3050 Laptop GPU', 'memory_total': 4294967296}], 'memory': {'total': 15.675647735595703}}
2024-07-19 22:33:19,706 INFO    HandlerThread:27108 [system_monitor.py:probe():224] Finished collecting system info
2024-07-19 22:33:19,706 INFO    HandlerThread:27108 [system_monitor.py:probe():227] Publishing system info
2024-07-19 22:33:19,706 DEBUG   HandlerThread:27108 [system_info.py:_save_conda():207] Saving list of conda packages installed into the current environment
2024-07-19 22:33:20,367 INFO    Thread-16 :27108 [dir_watcher.py:_on_file_created():271] file/dir created: H:\dachang\ViTST-main\code\FD001_train\wandb\run-20240719_223205-kvvgc9ec\files\conda-environment.yaml
2024-07-19 22:33:22,427 DEBUG   HandlerThread:27108 [system_info.py:_save_conda():222] Saving conda packages done
2024-07-19 22:33:22,442 INFO    HandlerThread:27108 [system_monitor.py:probe():229] Finished publishing system info
2024-07-19 22:33:22,457 DEBUG   SenderThread:27108 [sender.py:send():379] send: files
2024-07-19 22:33:22,457 INFO    SenderThread:27108 [sender.py:_save_file():1390] saving file wandb-metadata.json with policy now
2024-07-19 22:33:22,683 DEBUG   HandlerThread:27108 [handler.py:handle_request():146] handle_request: python_packages
2024-07-19 22:33:22,683 DEBUG   SenderThread:27108 [sender.py:send_request():406] send_request: python_packages
2024-07-19 22:33:22,683 DEBUG   HandlerThread:27108 [handler.py:handle_request():146] handle_request: stop_status
2024-07-19 22:33:22,683 DEBUG   HandlerThread:27108 [handler.py:handle_request():146] handle_request: internal_messages
2024-07-19 22:33:22,699 DEBUG   SenderThread:27108 [sender.py:send_request():406] send_request: stop_status
2024-07-19 22:33:23,425 INFO    Thread-16 :27108 [dir_watcher.py:_on_file_modified():288] file/dir modified: H:\dachang\ViTST-main\code\FD001_train\wandb\run-20240719_223205-kvvgc9ec\files\conda-environment.yaml
2024-07-19 22:33:23,425 INFO    Thread-16 :27108 [dir_watcher.py:_on_file_created():271] file/dir created: H:\dachang\ViTST-main\code\FD001_train\wandb\run-20240719_223205-kvvgc9ec\files\wandb-metadata.json
2024-07-19 22:33:23,425 INFO    Thread-16 :27108 [dir_watcher.py:_on_file_created():271] file/dir created: H:\dachang\ViTST-main\code\FD001_train\wandb\run-20240719_223205-kvvgc9ec\files\requirements.txt
2024-07-19 22:33:23,665 DEBUG   SenderThread:27108 [sender.py:send():379] send: telemetry
2024-07-19 22:33:23,665 DEBUG   SenderThread:27108 [sender.py:send():379] send: config
2024-07-19 22:33:23,680 DEBUG   SenderThread:27108 [sender.py:send():379] send: metric
2024-07-19 22:33:23,680 DEBUG   SenderThread:27108 [sender.py:send():379] send: telemetry
2024-07-19 22:33:23,680 DEBUG   SenderThread:27108 [sender.py:send():379] send: metric
2024-07-19 22:33:23,680 WARNING SenderThread:27108 [sender.py:send_metric():1341] Seen metric with glob (shouldn't happen)
2024-07-19 22:33:23,680 DEBUG   SenderThread:27108 [sender.py:send():379] send: telemetry
2024-07-19 22:33:24,347 INFO    wandb-upload_0:27108 [upload_job.py:push():131] Uploaded file C:\Users\HP\AppData\Local\Temp\tmp2_wjb4icwandb\fi8b5z2d-wandb-metadata.json
2024-07-19 22:33:24,438 INFO    Thread-16 :27108 [dir_watcher.py:_on_file_created():271] file/dir created: H:\dachang\ViTST-main\code\FD001_train\wandb\run-20240719_223205-kvvgc9ec\files\output.log
2024-07-19 22:33:24,694 DEBUG   HandlerThread:27108 [handler.py:handle_request():146] handle_request: status_report
2024-07-19 22:33:29,730 DEBUG   HandlerThread:27108 [handler.py:handle_request():146] handle_request: status_report
2024-07-19 22:33:34,766 DEBUG   HandlerThread:27108 [handler.py:handle_request():146] handle_request: status_report
2024-07-19 22:33:37,683 DEBUG   HandlerThread:27108 [handler.py:handle_request():146] handle_request: stop_status
2024-07-19 22:33:37,683 DEBUG   SenderThread:27108 [sender.py:send_request():406] send_request: stop_status
2024-07-19 22:33:37,698 DEBUG   HandlerThread:27108 [handler.py:handle_request():146] handle_request: internal_messages
2024-07-19 22:33:40,120 DEBUG   HandlerThread:27108 [handler.py:handle_request():146] handle_request: status_report
2024-07-19 22:33:45,189 DEBUG   HandlerThread:27108 [handler.py:handle_request():146] handle_request: status_report
2024-07-19 22:33:47,999 DEBUG   SenderThread:27108 [sender.py:send():379] send: exit
2024-07-19 22:33:47,999 INFO    SenderThread:27108 [sender.py:send_exit():586] handling exit code: 1
2024-07-19 22:33:47,999 INFO    SenderThread:27108 [sender.py:send_exit():588] handling runtime: 28
2024-07-19 22:33:48,014 INFO    SenderThread:27108 [sender.py:_save_file():1390] saving file wandb-summary.json with policy end
2024-07-19 22:33:48,014 INFO    SenderThread:27108 [sender.py:send_exit():594] send defer
2024-07-19 22:33:48,014 DEBUG   HandlerThread:27108 [handler.py:handle_request():146] handle_request: defer
2024-07-19 22:33:48,014 INFO    HandlerThread:27108 [handler.py:handle_request_defer():172] handle defer: 0
2024-07-19 22:33:48,014 DEBUG   SenderThread:27108 [sender.py:send_request():406] send_request: defer
2024-07-19 22:33:48,014 INFO    SenderThread:27108 [sender.py:send_request_defer():610] handle sender defer: 0
2024-07-19 22:33:48,014 INFO    SenderThread:27108 [sender.py:transition_state():614] send defer: 1
2024-07-19 22:33:48,014 DEBUG   HandlerThread:27108 [handler.py:handle_request():146] handle_request: defer
2024-07-19 22:33:48,014 INFO    HandlerThread:27108 [handler.py:handle_request_defer():172] handle defer: 1
2024-07-19 22:33:48,014 DEBUG   SenderThread:27108 [sender.py:send_request():406] send_request: defer
2024-07-19 22:33:48,014 INFO    SenderThread:27108 [sender.py:send_request_defer():610] handle sender defer: 1
2024-07-19 22:33:48,014 INFO    SenderThread:27108 [sender.py:transition_state():614] send defer: 2
2024-07-19 22:33:48,014 DEBUG   HandlerThread:27108 [handler.py:handle_request():146] handle_request: defer
2024-07-19 22:33:48,014 INFO    HandlerThread:27108 [handler.py:handle_request_defer():172] handle defer: 2
2024-07-19 22:33:48,014 INFO    HandlerThread:27108 [system_monitor.py:finish():203] Stopping system monitor
2024-07-19 22:33:48,014 DEBUG   SystemMonitor:27108 [system_monitor.py:_start():172] Starting system metrics aggregation loop
2024-07-19 22:33:48,014 INFO    HandlerThread:27108 [interfaces.py:finish():202] Joined cpu monitor
2024-07-19 22:33:48,029 DEBUG   SystemMonitor:27108 [system_monitor.py:_start():179] Finished system metrics aggregation loop
2024-07-19 22:33:48,029 INFO    HandlerThread:27108 [interfaces.py:finish():202] Joined disk monitor
2024-07-19 22:33:48,029 DEBUG   SystemMonitor:27108 [system_monitor.py:_start():183] Publishing last batch of metrics
2024-07-19 22:33:48,059 INFO    HandlerThread:27108 [interfaces.py:finish():202] Joined gpu monitor
2024-07-19 22:33:48,059 INFO    HandlerThread:27108 [interfaces.py:finish():202] Joined memory monitor
2024-07-19 22:33:48,059 INFO    HandlerThread:27108 [interfaces.py:finish():202] Joined network monitor
2024-07-19 22:33:48,059 DEBUG   SenderThread:27108 [sender.py:send_request():406] send_request: defer
2024-07-19 22:33:48,059 INFO    SenderThread:27108 [sender.py:send_request_defer():610] handle sender defer: 2
2024-07-19 22:33:48,059 INFO    SenderThread:27108 [sender.py:transition_state():614] send defer: 3
2024-07-19 22:33:48,059 DEBUG   SenderThread:27108 [sender.py:send():379] send: stats
2024-07-19 22:33:48,059 DEBUG   HandlerThread:27108 [handler.py:handle_request():146] handle_request: defer
2024-07-19 22:33:48,059 INFO    HandlerThread:27108 [handler.py:handle_request_defer():172] handle defer: 3
2024-07-19 22:33:48,059 DEBUG   SenderThread:27108 [sender.py:send_request():406] send_request: defer
2024-07-19 22:33:48,059 INFO    SenderThread:27108 [sender.py:send_request_defer():610] handle sender defer: 3
2024-07-19 22:33:48,059 INFO    SenderThread:27108 [sender.py:transition_state():614] send defer: 4
2024-07-19 22:33:48,059 DEBUG   HandlerThread:27108 [handler.py:handle_request():146] handle_request: defer
2024-07-19 22:33:48,059 INFO    HandlerThread:27108 [handler.py:handle_request_defer():172] handle defer: 4
2024-07-19 22:33:48,059 DEBUG   SenderThread:27108 [sender.py:send_request():406] send_request: defer
2024-07-19 22:33:48,059 INFO    SenderThread:27108 [sender.py:send_request_defer():610] handle sender defer: 4
2024-07-19 22:33:48,059 INFO    SenderThread:27108 [sender.py:transition_state():614] send defer: 5
2024-07-19 22:33:48,059 DEBUG   HandlerThread:27108 [handler.py:handle_request():146] handle_request: defer
2024-07-19 22:33:48,059 INFO    HandlerThread:27108 [handler.py:handle_request_defer():172] handle defer: 5
2024-07-19 22:33:48,059 DEBUG   SenderThread:27108 [sender.py:send():379] send: summary
2024-07-19 22:33:48,074 INFO    SenderThread:27108 [sender.py:_save_file():1390] saving file wandb-summary.json with policy end
2024-07-19 22:33:48,074 DEBUG   SenderThread:27108 [sender.py:send_request():406] send_request: defer
2024-07-19 22:33:48,074 INFO    SenderThread:27108 [sender.py:send_request_defer():610] handle sender defer: 5
2024-07-19 22:33:48,074 INFO    SenderThread:27108 [sender.py:transition_state():614] send defer: 6
2024-07-19 22:33:48,074 DEBUG   HandlerThread:27108 [handler.py:handle_request():146] handle_request: defer
2024-07-19 22:33:48,074 INFO    HandlerThread:27108 [handler.py:handle_request_defer():172] handle defer: 6
2024-07-19 22:33:48,074 DEBUG   SenderThread:27108 [sender.py:send_request():406] send_request: defer
2024-07-19 22:33:48,074 INFO    SenderThread:27108 [sender.py:send_request_defer():610] handle sender defer: 6
2024-07-19 22:33:48,089 DEBUG   HandlerThread:27108 [handler.py:handle_request():146] handle_request: status_report
2024-07-19 22:33:48,693 INFO    Thread-16 :27108 [dir_watcher.py:_on_file_created():271] file/dir created: H:\dachang\ViTST-main\code\FD001_train\wandb\run-20240719_223205-kvvgc9ec\files\wandb-summary.json
2024-07-19 22:33:49,012 DEBUG   HandlerThread:27108 [handler.py:handle_request():146] handle_request: poll_exit
2024-07-19 22:33:54,065 DEBUG   HandlerThread:27108 [handler.py:handle_request():146] handle_request: keepalive
2024-07-19 22:33:59,113 DEBUG   HandlerThread:27108 [handler.py:handle_request():146] handle_request: keepalive
2024-07-19 22:34:04,148 DEBUG   HandlerThread:27108 [handler.py:handle_request():146] handle_request: keepalive
2024-07-19 22:34:09,193 DEBUG   HandlerThread:27108 [handler.py:handle_request():146] handle_request: keepalive
2024-07-19 22:34:14,302 DEBUG   HandlerThread:27108 [handler.py:handle_request():146] handle_request: keepalive
2024-07-19 22:34:15,258 INFO    SenderThread:27108 [sender.py:transition_state():614] send defer: 7
2024-07-19 22:34:15,258 DEBUG   SenderThread:27108 [sender.py:send_request():406] send_request: poll_exit
2024-07-19 22:34:15,258 DEBUG   HandlerThread:27108 [handler.py:handle_request():146] handle_request: defer
2024-07-19 22:34:15,258 INFO    HandlerThread:27108 [handler.py:handle_request_defer():172] handle defer: 7
2024-07-19 22:34:15,258 DEBUG   HandlerThread:27108 [handler.py:handle_request():146] handle_request: status_report
2024-07-19 22:34:15,258 DEBUG   SenderThread:27108 [sender.py:send_request():406] send_request: defer
2024-07-19 22:34:15,258 INFO    SenderThread:27108 [sender.py:send_request_defer():610] handle sender defer: 7
2024-07-19 22:34:15,303 DEBUG   HandlerThread:27108 [handler.py:handle_request():146] handle_request: poll_exit
2024-07-19 22:34:15,363 INFO    Thread-16 :27108 [dir_watcher.py:_on_file_modified():288] file/dir modified: H:\dachang\ViTST-main\code\FD001_train\wandb\run-20240719_223205-kvvgc9ec\files\config.yaml
2024-07-19 22:34:15,992 INFO    SenderThread:27108 [sender.py:transition_state():614] send defer: 8
2024-07-19 22:34:15,992 DEBUG   SenderThread:27108 [sender.py:send_request():406] send_request: poll_exit
2024-07-19 22:34:15,992 DEBUG   HandlerThread:27108 [handler.py:handle_request():146] handle_request: defer
2024-07-19 22:34:15,992 INFO    HandlerThread:27108 [handler.py:handle_request_defer():172] handle defer: 8
2024-07-19 22:34:15,992 DEBUG   SenderThread:27108 [sender.py:send_request():406] send_request: defer
2024-07-19 22:34:15,992 INFO    SenderThread:27108 [sender.py:send_request_defer():610] handle sender defer: 8
2024-07-19 22:34:15,992 INFO    SenderThread:27108 [job_builder.py:build():318] Attempting to build job artifact
2024-07-19 22:34:16,158 INFO    SenderThread:27108 [job_builder.py:_get_source_type():466] no source found
2024-07-19 22:34:16,158 INFO    SenderThread:27108 [sender.py:transition_state():614] send defer: 9
2024-07-19 22:34:16,158 DEBUG   HandlerThread:27108 [handler.py:handle_request():146] handle_request: defer
2024-07-19 22:34:16,158 INFO    HandlerThread:27108 [handler.py:handle_request_defer():172] handle defer: 9
2024-07-19 22:34:16,158 DEBUG   SenderThread:27108 [sender.py:send_request():406] send_request: defer
2024-07-19 22:34:16,158 INFO    SenderThread:27108 [sender.py:send_request_defer():610] handle sender defer: 9
2024-07-19 22:34:16,158 INFO    SenderThread:27108 [dir_watcher.py:finish():358] shutting down directory watcher
2024-07-19 22:34:16,319 DEBUG   HandlerThread:27108 [handler.py:handle_request():146] handle_request: poll_exit
2024-07-19 22:34:16,383 INFO    SenderThread:27108 [dir_watcher.py:_on_file_modified():288] file/dir modified: H:\dachang\ViTST-main\code\FD001_train\wandb\run-20240719_223205-kvvgc9ec\files\output.log
2024-07-19 22:34:16,383 INFO    SenderThread:27108 [dir_watcher.py:finish():388] scan: H:\dachang\ViTST-main\code\FD001_train\wandb\run-20240719_223205-kvvgc9ec\files
2024-07-19 22:34:16,383 INFO    SenderThread:27108 [dir_watcher.py:finish():402] scan save: H:\dachang\ViTST-main\code\FD001_train\wandb\run-20240719_223205-kvvgc9ec\files\config.yaml config.yaml
2024-07-19 22:34:16,399 INFO    SenderThread:27108 [dir_watcher.py:finish():402] scan save: H:\dachang\ViTST-main\code\FD001_train\wandb\run-20240719_223205-kvvgc9ec\files\conda-environment.yaml conda-environment.yaml
2024-07-19 22:34:16,413 INFO    SenderThread:27108 [dir_watcher.py:finish():402] scan save: H:\dachang\ViTST-main\code\FD001_train\wandb\run-20240719_223205-kvvgc9ec\files\wandb-metadata.json wandb-metadata.json
2024-07-19 22:34:16,413 INFO    SenderThread:27108 [dir_watcher.py:finish():402] scan save: H:\dachang\ViTST-main\code\FD001_train\wandb\run-20240719_223205-kvvgc9ec\files\requirements.txt requirements.txt
2024-07-19 22:34:16,413 INFO    SenderThread:27108 [dir_watcher.py:finish():402] scan save: H:\dachang\ViTST-main\code\FD001_train\wandb\run-20240719_223205-kvvgc9ec\files\output.log output.log
2024-07-19 22:34:16,429 INFO    SenderThread:27108 [dir_watcher.py:finish():402] scan save: H:\dachang\ViTST-main\code\FD001_train\wandb\run-20240719_223205-kvvgc9ec\files\wandb-summary.json wandb-summary.json
2024-07-19 22:34:16,429 INFO    SenderThread:27108 [sender.py:transition_state():614] send defer: 10
2024-07-19 22:34:16,429 DEBUG   SenderThread:27108 [sender.py:send_request():406] send_request: poll_exit
2024-07-19 22:34:16,429 DEBUG   HandlerThread:27108 [handler.py:handle_request():146] handle_request: defer
2024-07-19 22:34:16,429 INFO    HandlerThread:27108 [handler.py:handle_request_defer():172] handle defer: 10
2024-07-19 22:34:16,429 DEBUG   SenderThread:27108 [sender.py:send_request():406] send_request: defer
2024-07-19 22:34:16,429 INFO    SenderThread:27108 [sender.py:send_request_defer():610] handle sender defer: 10
2024-07-19 22:34:16,429 INFO    SenderThread:27108 [file_pusher.py:finish():172] shutting down file pusher
2024-07-19 22:34:17,328 DEBUG   HandlerThread:27108 [handler.py:handle_request():146] handle_request: poll_exit
2024-07-19 22:34:17,328 DEBUG   SenderThread:27108 [sender.py:send_request():406] send_request: poll_exit
2024-07-19 22:34:17,814 INFO    wandb-upload_1:27108 [upload_job.py:push():131] Uploaded file H:\dachang\ViTST-main\code\FD001_train\wandb\run-20240719_223205-kvvgc9ec\files\conda-environment.yaml
2024-07-19 22:34:18,331 DEBUG   HandlerThread:27108 [handler.py:handle_request():146] handle_request: poll_exit
2024-07-19 22:34:18,332 DEBUG   SenderThread:27108 [sender.py:send_request():406] send_request: poll_exit
2024-07-19 22:34:18,376 INFO    wandb-upload_4:27108 [upload_job.py:push():131] Uploaded file H:\dachang\ViTST-main\code\FD001_train\wandb\run-20240719_223205-kvvgc9ec\files\wandb-summary.json
2024-07-19 22:34:18,462 INFO    wandb-upload_3:27108 [upload_job.py:push():131] Uploaded file H:\dachang\ViTST-main\code\FD001_train\wandb\run-20240719_223205-kvvgc9ec\files\output.log
2024-07-19 22:34:18,719 INFO    wandb-upload_2:27108 [upload_job.py:push():131] Uploaded file H:\dachang\ViTST-main\code\FD001_train\wandb\run-20240719_223205-kvvgc9ec\files\requirements.txt
2024-07-19 22:34:19,347 DEBUG   HandlerThread:27108 [handler.py:handle_request():146] handle_request: poll_exit
2024-07-19 22:34:19,347 DEBUG   SenderThread:27108 [sender.py:send_request():406] send_request: poll_exit
2024-07-19 22:34:20,363 DEBUG   HandlerThread:27108 [handler.py:handle_request():146] handle_request: status_report
2024-07-19 22:34:20,363 DEBUG   HandlerThread:27108 [handler.py:handle_request():146] handle_request: poll_exit
2024-07-19 22:34:20,363 DEBUG   SenderThread:27108 [sender.py:send_request():406] send_request: poll_exit
2024-07-19 22:34:21,370 DEBUG   HandlerThread:27108 [handler.py:handle_request():146] handle_request: poll_exit
2024-07-19 22:34:21,370 DEBUG   SenderThread:27108 [sender.py:send_request():406] send_request: poll_exit
2024-07-19 22:34:22,380 DEBUG   HandlerThread:27108 [handler.py:handle_request():146] handle_request: poll_exit
2024-07-19 22:34:22,380 DEBUG   SenderThread:27108 [sender.py:send_request():406] send_request: poll_exit
2024-07-19 22:34:23,380 INFO    wandb-upload_0:27108 [upload_job.py:push():131] Uploaded file H:\dachang\ViTST-main\code\FD001_train\wandb\run-20240719_223205-kvvgc9ec\files\config.yaml
2024-07-19 22:34:23,396 DEBUG   HandlerThread:27108 [handler.py:handle_request():146] handle_request: poll_exit
2024-07-19 22:34:23,396 DEBUG   SenderThread:27108 [sender.py:send_request():406] send_request: poll_exit
2024-07-19 22:34:23,595 INFO    Thread-15 :27108 [sender.py:transition_state():614] send defer: 11
2024-07-19 22:34:23,595 DEBUG   HandlerThread:27108 [handler.py:handle_request():146] handle_request: defer
2024-07-19 22:34:23,595 INFO    HandlerThread:27108 [handler.py:handle_request_defer():172] handle defer: 11
2024-07-19 22:34:23,595 DEBUG   SenderThread:27108 [sender.py:send_request():406] send_request: defer
2024-07-19 22:34:23,595 INFO    SenderThread:27108 [sender.py:send_request_defer():610] handle sender defer: 11
2024-07-19 22:34:23,595 INFO    SenderThread:27108 [file_pusher.py:join():178] waiting for file pusher
2024-07-19 22:34:23,595 INFO    SenderThread:27108 [sender.py:transition_state():614] send defer: 12
2024-07-19 22:34:23,595 DEBUG   HandlerThread:27108 [handler.py:handle_request():146] handle_request: defer
2024-07-19 22:34:23,595 INFO    HandlerThread:27108 [handler.py:handle_request_defer():172] handle defer: 12
2024-07-19 22:34:23,595 DEBUG   SenderThread:27108 [sender.py:send_request():406] send_request: defer
2024-07-19 22:34:23,595 INFO    SenderThread:27108 [sender.py:send_request_defer():610] handle sender defer: 12
2024-07-19 22:34:23,595 INFO    SenderThread:27108 [file_stream.py:finish():614] file stream finish called
2024-07-19 22:34:24,168 INFO    SenderThread:27108 [file_stream.py:finish():618] file stream finish is done
2024-07-19 22:34:24,168 INFO    SenderThread:27108 [sender.py:transition_state():614] send defer: 13
2024-07-19 22:34:24,168 DEBUG   HandlerThread:27108 [handler.py:handle_request():146] handle_request: defer
2024-07-19 22:34:24,168 INFO    HandlerThread:27108 [handler.py:handle_request_defer():172] handle defer: 13
2024-07-19 22:34:24,168 DEBUG   SenderThread:27108 [sender.py:send_request():406] send_request: defer
2024-07-19 22:34:24,168 INFO    SenderThread:27108 [sender.py:send_request_defer():610] handle sender defer: 13
2024-07-19 22:34:24,168 INFO    SenderThread:27108 [sender.py:transition_state():614] send defer: 14
2024-07-19 22:34:24,168 DEBUG   HandlerThread:27108 [handler.py:handle_request():146] handle_request: defer
2024-07-19 22:34:24,168 INFO    HandlerThread:27108 [handler.py:handle_request_defer():172] handle defer: 14
2024-07-19 22:34:24,168 DEBUG   SenderThread:27108 [sender.py:send():379] send: final
2024-07-19 22:34:24,168 DEBUG   SenderThread:27108 [sender.py:send():379] send: footer
2024-07-19 22:34:24,168 DEBUG   SenderThread:27108 [sender.py:send_request():406] send_request: defer
2024-07-19 22:34:24,168 INFO    SenderThread:27108 [sender.py:send_request_defer():610] handle sender defer: 14
2024-07-19 22:34:24,168 DEBUG   HandlerThread:27108 [handler.py:handle_request():146] handle_request: poll_exit
2024-07-19 22:34:24,168 DEBUG   HandlerThread:27108 [handler.py:handle_request():146] handle_request: poll_exit
2024-07-19 22:34:24,168 DEBUG   HandlerThread:27108 [handler.py:handle_request():146] handle_request: server_info
2024-07-19 22:34:24,168 DEBUG   HandlerThread:27108 [handler.py:handle_request():146] handle_request: get_summary
2024-07-19 22:34:24,168 DEBUG   HandlerThread:27108 [handler.py:handle_request():146] handle_request: sampled_history
2024-07-19 22:34:24,168 DEBUG   HandlerThread:27108 [handler.py:handle_request():146] handle_request: internal_messages
2024-07-19 22:34:24,168 DEBUG   SenderThread:27108 [sender.py:send_request():406] send_request: poll_exit
2024-07-19 22:34:24,168 DEBUG   SenderThread:27108 [sender.py:send_request():406] send_request: poll_exit
2024-07-19 22:34:24,168 DEBUG   SenderThread:27108 [sender.py:send_request():406] send_request: server_info
2024-07-19 22:34:24,522 INFO    MainThread:27108 [wandb_run.py:_footer_history_summary_info():3936] rendering history
2024-07-19 22:34:24,522 INFO    MainThread:27108 [wandb_run.py:_footer_history_summary_info():3968] rendering summary
2024-07-19 22:34:24,522 INFO    MainThread:27108 [wandb_run.py:_footer_sync_info():3895] logging synced files
2024-07-19 22:34:24,522 DEBUG   HandlerThread:27108 [handler.py:handle_request():146] handle_request: shutdown
2024-07-19 22:34:24,522 INFO    HandlerThread:27108 [handler.py:finish():866] shutting down handler
2024-07-19 22:34:25,183 INFO    WriterThread:27108 [datastore.py:close():296] close: H:\dachang\ViTST-main\code\FD001_train\wandb\run-20240719_223205-kvvgc9ec\run-kvvgc9ec.wandb
2024-07-19 22:34:25,523 INFO    SenderThread:27108 [sender.py:finish():1546] shutting down sender
2024-07-19 22:34:25,523 INFO    SenderThread:27108 [file_pusher.py:finish():172] shutting down file pusher
2024-07-19 22:34:25,523 INFO    SenderThread:27108 [file_pusher.py:join():178] waiting for file pusher
